Using pre-set license
Built from '2021.1/staging' branch; Version is '2021.1.23f1 (b50729e604a9) revision 11863849'; Using compiler version '192528614'; Build Type 'Release'
OS: 'Windows 10 Pro; OS build 19043.1165; Version 2009; 64bit' Language: 'en' Physical Memory: 32682 MB
BatchMode: 1, IsHumanControllingUs: 0, StartBugReporterOnCrash: 0, Is64bit: 1, IsPro: 0

COMMAND LINE ARGUMENTS:
C:\Program Files\Unity\Hub\Editor\2021.1.23f1\Editor\Unity.exe
-adb2
-batchMode
-noUpm
-name
AssetImportWorker0
-projectPath
C:/Users/Nask/Documents/Code_Projects/GeometricDefender
-logFile
Logs/AssetImportWorker0.log
-srvPort
49190
Successfully changed project path to: C:/Users/Nask/Documents/Code_Projects/GeometricDefender
C:/Users/Nask/Documents/Code_Projects/GeometricDefender
Using Asset Import Pipeline V2.
Refreshing native plugins compatible for Editor in 59.34 ms, found 2 plugins.
Preloading 0 native plugins for Editor in 0.00 ms.
Initialize engine version: 2021.1.23f1 (b50729e604a9)
[Subsystems] Discovering subsystems at path C:/Program Files/Unity/Hub/Editor/2021.1.23f1/Editor/Data/Resources/UnitySubsystems
[Subsystems] Discovering subsystems at path C:/Users/Nask/Documents/Code_Projects/GeometricDefender/Assets
GfxDevice: creating device client; threaded=0; jobified=0
Direct3D:
    Version:  Direct3D 11.0 [level 11.1]
    Renderer: NVIDIA GeForce RTX 2080 Ti (ID=0x1e04)
    Vendor:   NVIDIA
    VRAM:     11048 MB
    Driver:   30.0.14.7141
Initialize mono
Mono path[0] = 'C:/Program Files/Unity/Hub/Editor/2021.1.23f1/Editor/Data/Managed'
Mono path[1] = 'C:/Program Files/Unity/Hub/Editor/2021.1.23f1/Editor/Data/MonoBleedingEdge/lib/mono/unityjit'
Mono config path = 'C:/Program Files/Unity/Hub/Editor/2021.1.23f1/Editor/Data/MonoBleedingEdge/etc'
Using monoOptions --debugger-agent=transport=dt_socket,embedding=1,server=y,suspend=n,address=127.0.0.1:56924
Begin MonoManager ReloadAssembly
Registering precompiled unity dll's ...
Register platform support module: C:/Program Files/Unity/Hub/Editor/2021.1.23f1/Editor/Data/PlaybackEngines/WindowsStandaloneSupport/UnityEditor.WindowsStandalone.Extensions.dll
Registered in 0.001581 seconds.
Native extension for WindowsStandalone target not found
Refreshing native plugins compatible for Editor in 65.02 ms, found 2 plugins.
Preloading 0 native plugins for Editor in 0.00 ms.
Mono: successfully reloaded assembly
- Completed reload, in  1.430 seconds
Domain Reload Profiling:
	ReloadAssembly (1430ms)
		BeginReloadAssembly (55ms)
			ExecutionOrderSort (0ms)
			DisableScriptedObjects (0ms)
			BackupInstance (0ms)
			ReleaseScriptingObjects (0ms)
			CreateAndSetChildDomain (1ms)
		EndReloadAssembly (414ms)
			LoadAssemblies (53ms)
			RebuildTransferFunctionScriptingTraits (0ms)
			SetupTypeCache (155ms)
			ReleaseScriptCaches (0ms)
			RebuildScriptCaches (26ms)
			SetupLoadedEditorAssemblies (186ms)
				LogAssemblyErrors (0ms)
				InitializePlatformSupportModulesInManaged (5ms)
				SetLoadedEditorAssemblies (0ms)
				RefreshPlugins (65ms)
				BeforeProcessingInitializeOnLoad (1ms)
				ProcessInitializeOnLoadAttributes (88ms)
				ProcessInitializeOnLoadMethodAttributes (26ms)
				AfterProcessingInitializeOnLoad (0ms)
				EditorAssembliesLoaded (0ms)
			ExecutionOrderSort2 (0ms)
			AwakeInstancesAfterBackupRestoration (0ms)
Platform modules already initialized, skipping
Registering precompiled user dll's ...
Registered in 0.003602 seconds.
Begin MonoManager ReloadAssembly
OnLevelWasLoaded was found on ReturnToMainMenu
This message has been deprecated and will be removed in a later version of Unity.
Add a delegate to SceneManager.sceneLoaded instead to get notifications after scene loading has completed
Native extension for WindowsStandalone target not found
Refreshing native plugins compatible for Editor in 0.74 ms, found 2 plugins.
Preloading 0 native plugins for Editor in 0.00 ms.
Mono: successfully reloaded assembly
- Completed reload, in  1.013 seconds
Domain Reload Profiling:
	ReloadAssembly (1013ms)
		BeginReloadAssembly (144ms)
			ExecutionOrderSort (0ms)
			DisableScriptedObjects (4ms)
			BackupInstance (0ms)
			ReleaseScriptingObjects (0ms)
			CreateAndSetChildDomain (19ms)
		EndReloadAssembly (813ms)
			LoadAssemblies (86ms)
			RebuildTransferFunctionScriptingTraits (0ms)
			SetupTypeCache (258ms)
			ReleaseScriptCaches (0ms)
			RebuildScriptCaches (45ms)
			SetupLoadedEditorAssemblies (346ms)
				LogAssemblyErrors (0ms)
				InitializePlatformSupportModulesInManaged (4ms)
				SetLoadedEditorAssemblies (1ms)
				RefreshPlugins (1ms)
				BeforeProcessingInitializeOnLoad (58ms)
				ProcessInitializeOnLoadAttributes (222ms)
				ProcessInitializeOnLoadMethodAttributes (54ms)
				AfterProcessingInitializeOnLoad (6ms)
				EditorAssembliesLoaded (0ms)
			ExecutionOrderSort2 (0ms)
			AwakeInstancesAfterBackupRestoration (6ms)
Platform modules already initialized, skipping
========================================================================
Worker process is ready to serve import requests
Launched and connected shader compiler UnityShaderCompiler.exe after 0.04 seconds
Refreshing native plugins compatible for Editor in 0.80 ms, found 2 plugins.
Preloading 0 native plugins for Editor in 0.00 ms.
Unloading 2266 Unused Serialized files (Serialized files now loaded: 0)
System memory in use before: 120.5 MB.
System memory in use after: 120.3 MB.

Unloading 58 unused Assets to reduce memory usage. Loaded Objects now: 2710.
Total: 8.407500 ms (FindLiveObjects: 0.238800 ms CreateObjectMapping: 0.055900 ms MarkObjects: 7.887500 ms  DeleteObjects: 0.223700 ms)

AssetImportParameters requested are different than current active one (requested -> active):
  custom:framework-win-MediaFoundation: 216162199b28c13a410421893ffa2e32 -> 
  custom:video-decoder-ogg-theora: a1e56fd34408186e4bbccfd4996cb3dc -> 
  custom:container-muxer-webm: aa71ff27fc2769a1b78a27578f13a17b -> 
  custom:container-demuxer-webm: 4f35f7cbe854078d1ac9338744f61a02 -> 
  custom:container-demuxer-ogg: 62fdf1f143b41e24485cea50d1cbac27 -> 
  custom:video-encoder-webm-vp8: eb34c28f22e8b96e1ab97ce403110664 -> 
  custom:video-decoder-webm-vp8: 9c59270c3fd7afecdb556c50c9e8de78 -> 
  custom:audio-decoder-ogg-vorbis: bf7c407c2cedff20999df2af8eb42d56 -> 
  custom:audio-encoder-webm-vorbis: bf7c407c2cedff20999df2af8eb42d56 -> 
========================================================================
Received Import Request.
  path: Assets/Scenes/Dedication.unity
  artifactKey: Guid(e18b93b27214e644584492fb7c270f46) Importer(815301076,1909f56bfc062723c751e8b465ee728b)
Start importing Assets/Scenes/Dedication.unity using Guid(e18b93b27214e644584492fb7c270f46) Importer(815301076,1909f56bfc062723c751e8b465ee728b)  -> (artifact id: '79380eb8c0a71452169e9b6523b5d742') in 0.015553 seconds 
========================================================================
Received Import Request.
  Time since last request: 12.345101 seconds.
  path: Assets/Scenes/GeometricDefenseLvl0.unity
  artifactKey: Guid(c500fea1e1c0c0f4cb9617b0f4756fc2) Importer(815301076,1909f56bfc062723c751e8b465ee728b)
Start importing Assets/Scenes/GeometricDefenseLvl0.unity using Guid(c500fea1e1c0c0f4cb9617b0f4756fc2) Importer(815301076,1909f56bfc062723c751e8b465ee728b)  -> (artifact id: 'ac31c63d73e9450f3f5d28aa90edaef8') in 0.007198 seconds 
========================================================================
Received Import Request.
  Time since last request: 2.000528 seconds.
  path: Assets/Scenes/MainMenuSettings.lighting
  artifactKey: Guid(33ceadbf6b456164cbdda383faf6586a) Importer(815301076,1909f56bfc062723c751e8b465ee728b)
Start importing Assets/Scenes/MainMenuSettings.lighting using Guid(33ceadbf6b456164cbdda383faf6586a) Importer(815301076,1909f56bfc062723c751e8b465ee728b) LightingSettings: switching bake backend from 1 to 0.
 -> (artifact id: '9820499818d1defef3d72d62a898566c') in 0.032632 seconds 
========================================================================
Received Import Request.
  Time since last request: 1.309293 seconds.
  path: Assets/Scenes/MainMenu.unity
  artifactKey: Guid(bf4d9a4d43272bf4cadaa3754dee6d34) Importer(815301076,1909f56bfc062723c751e8b465ee728b)
Start importing Assets/Scenes/MainMenu.unity using Guid(bf4d9a4d43272bf4cadaa3754dee6d34) Importer(815301076,1909f56bfc062723c751e8b465ee728b)  -> (artifact id: 'fe6e1ad62eced42f51b1859cf84e4e5b') in 0.008096 seconds 
========================================================================
Received Import Request.
  Time since last request: 3.455583 seconds.
  path: Assets/Scenes/GeometricDefenseLvl1.unity
  artifactKey: Guid(224ee84014b94db4f906ef54fcef2f00) Importer(815301076,1909f56bfc062723c751e8b465ee728b)
Start importing Assets/Scenes/GeometricDefenseLvl1.unity using Guid(224ee84014b94db4f906ef54fcef2f00) Importer(815301076,1909f56bfc062723c751e8b465ee728b)  -> (artifact id: 'f83dbb164db84a639fc595531b594e04') in 0.026782 seconds 
========================================================================
Received Import Request.
  Time since last request: 25.135361 seconds.
  path: Assets/Resources/CreepSpawnLists/CreepSpawnList.txt
  artifactKey: Guid(83973ff887dffbe4b9445929aac492b4) Importer(815301076,1909f56bfc062723c751e8b465ee728b)
Start importing Assets/Resources/CreepSpawnLists/CreepSpawnList.txt using Guid(83973ff887dffbe4b9445929aac492b4) Importer(815301076,1909f56bfc062723c751e8b465ee728b)  -> (artifact id: 'b70d153ea031755143211420b0197f51') in 0.010098 seconds 
AssetImportWorkerClient::OnTransportError - code=2 error=End of file
