Using pre-set license
Built from '2021.1/staging' branch; Version is '2021.1.23f1 (b50729e604a9) revision 11863849'; Using compiler version '192528614'; Build Type 'Release'
OS: 'Windows 10 Pro; OS build 19045.2486; Version 2009; 64bit' Language: 'en' Physical Memory: 32682 MB
BatchMode: 1, IsHumanControllingUs: 0, StartBugReporterOnCrash: 0, Is64bit: 1, IsPro: 0

COMMAND LINE ARGUMENTS:
C:\Program Files\Unity\Hub\Editor\2021.1.23f1\Editor\Unity.exe
-adb2
-batchMode
-noUpm
-name
AssetImportWorker0
-projectPath
C:/Users/Nask/Documents/Code_Projects/GeometricDefender
-logFile
Logs/AssetImportWorker0.log
-srvPort
53656
Successfully changed project path to: C:/Users/Nask/Documents/Code_Projects/GeometricDefender
C:/Users/Nask/Documents/Code_Projects/GeometricDefender
Using Asset Import Pipeline V2.
Refreshing native plugins compatible for Editor in 59.09 ms, found 2 plugins.
Preloading 0 native plugins for Editor in 0.00 ms.
Initialize engine version: 2021.1.23f1 (b50729e604a9)
[Subsystems] Discovering subsystems at path C:/Program Files/Unity/Hub/Editor/2021.1.23f1/Editor/Data/Resources/UnitySubsystems
[Subsystems] Discovering subsystems at path C:/Users/Nask/Documents/Code_Projects/GeometricDefender/Assets
GfxDevice: creating device client; threaded=0; jobified=0
Direct3D:
    Version:  Direct3D 11.0 [level 11.1]
    Renderer: NVIDIA GeForce RTX 2080 Ti (ID=0x1e04)
    Vendor:   NVIDIA
    VRAM:     11041 MB
    Driver:   31.0.15.2756
Initialize mono
Mono path[0] = 'C:/Program Files/Unity/Hub/Editor/2021.1.23f1/Editor/Data/Managed'
Mono path[1] = 'C:/Program Files/Unity/Hub/Editor/2021.1.23f1/Editor/Data/MonoBleedingEdge/lib/mono/unityjit'
Mono config path = 'C:/Program Files/Unity/Hub/Editor/2021.1.23f1/Editor/Data/MonoBleedingEdge/etc'
Using monoOptions --debugger-agent=transport=dt_socket,embedding=1,server=y,suspend=n,address=127.0.0.1:56004
Begin MonoManager ReloadAssembly
Registering precompiled unity dll's ...
Register platform support module: C:/Program Files/Unity/Hub/Editor/2021.1.23f1/Editor/Data/PlaybackEngines/WindowsStandaloneSupport/UnityEditor.WindowsStandalone.Extensions.dll
Registered in 0.001352 seconds.
Native extension for WindowsStandalone target not found
Refreshing native plugins compatible for Editor in 51.56 ms, found 2 plugins.
Preloading 0 native plugins for Editor in 0.00 ms.
Mono: successfully reloaded assembly
- Completed reload, in  2.034 seconds
Domain Reload Profiling:
	ReloadAssembly (2034ms)
		BeginReloadAssembly (53ms)
			ExecutionOrderSort (0ms)
			DisableScriptedObjects (0ms)
			BackupInstance (0ms)
			ReleaseScriptingObjects (0ms)
			CreateAndSetChildDomain (1ms)
		EndReloadAssembly (405ms)
			LoadAssemblies (52ms)
			RebuildTransferFunctionScriptingTraits (0ms)
			SetupTypeCache (141ms)
			ReleaseScriptCaches (0ms)
			RebuildScriptCaches (34ms)
			SetupLoadedEditorAssemblies (184ms)
				LogAssemblyErrors (0ms)
				InitializePlatformSupportModulesInManaged (6ms)
				SetLoadedEditorAssemblies (0ms)
				RefreshPlugins (52ms)
				BeforeProcessingInitializeOnLoad (1ms)
				ProcessInitializeOnLoadAttributes (96ms)
				ProcessInitializeOnLoadMethodAttributes (28ms)
				AfterProcessingInitializeOnLoad (0ms)
				EditorAssembliesLoaded (0ms)
			ExecutionOrderSort2 (0ms)
			AwakeInstancesAfterBackupRestoration (0ms)
Platform modules already initialized, skipping
Registering precompiled user dll's ...
Registered in 0.003141 seconds.
Begin MonoManager ReloadAssembly
Native extension for WindowsStandalone target not found
Refreshing native plugins compatible for Editor in 0.75 ms, found 2 plugins.
Preloading 0 native plugins for Editor in 0.00 ms.
Mono: successfully reloaded assembly
- Completed reload, in  1.047 seconds
Domain Reload Profiling:
	ReloadAssembly (1047ms)
		BeginReloadAssembly (141ms)
			ExecutionOrderSort (0ms)
			DisableScriptedObjects (4ms)
			BackupInstance (0ms)
			ReleaseScriptingObjects (0ms)
			CreateAndSetChildDomain (19ms)
		EndReloadAssembly (847ms)
			LoadAssemblies (81ms)
			RebuildTransferFunctionScriptingTraits (0ms)
			SetupTypeCache (253ms)
			ReleaseScriptCaches (0ms)
			RebuildScriptCaches (57ms)
			SetupLoadedEditorAssemblies (371ms)
				LogAssemblyErrors (0ms)
				InitializePlatformSupportModulesInManaged (5ms)
				SetLoadedEditorAssemblies (0ms)
				RefreshPlugins (1ms)
				BeforeProcessingInitializeOnLoad (63ms)
				ProcessInitializeOnLoadAttributes (240ms)
				ProcessInitializeOnLoadMethodAttributes (57ms)
				AfterProcessingInitializeOnLoad (5ms)
				EditorAssembliesLoaded (0ms)
			ExecutionOrderSort2 (0ms)
			AwakeInstancesAfterBackupRestoration (6ms)
Platform modules already initialized, skipping
========================================================================
Worker process is ready to serve import requests
Launched and connected shader compiler UnityShaderCompiler.exe after 0.06 seconds
Refreshing native plugins compatible for Editor in 0.72 ms, found 2 plugins.
Preloading 0 native plugins for Editor in 0.00 ms.
Unloading 2269 Unused Serialized files (Serialized files now loaded: 0)
System memory in use before: 133.6 MB.
System memory in use after: 133.5 MB.

Unloading 58 unused Assets to reduce memory usage. Loaded Objects now: 2731.
Total: 6.255400 ms (FindLiveObjects: 0.198600 ms CreateObjectMapping: 0.066800 ms MarkObjects: 5.772600 ms  DeleteObjects: 0.216500 ms)

AssetImportParameters requested are different than current active one (requested -> active):
  custom:framework-win-MediaFoundation: 216162199b28c13a410421893ffa2e32 -> 
  custom:video-decoder-ogg-theora: a1e56fd34408186e4bbccfd4996cb3dc -> 
  custom:container-muxer-webm: aa71ff27fc2769a1b78a27578f13a17b -> 
  custom:container-demuxer-webm: 4f35f7cbe854078d1ac9338744f61a02 -> 
  custom:container-demuxer-ogg: 62fdf1f143b41e24485cea50d1cbac27 -> 
  custom:video-encoder-webm-vp8: eb34c28f22e8b96e1ab97ce403110664 -> 
  custom:video-decoder-webm-vp8: 9c59270c3fd7afecdb556c50c9e8de78 -> 
  custom:audio-decoder-ogg-vorbis: bf7c407c2cedff20999df2af8eb42d56 -> 
  custom:audio-encoder-webm-vorbis: bf7c407c2cedff20999df2af8eb42d56 -> 
========================================================================
Received Import Request.
  path: Assets/Resources/Textures/PosibleCreepTextures/craiyon_121051_gray_angry_emoji_watercolour_and_papercraft_style.png
  artifactKey: Guid(bb203ed28e1cb5e4eb33879e1480c81d) Importer(815301076,1909f56bfc062723c751e8b465ee728b)
Start importing Assets/Resources/Textures/PosibleCreepTextures/craiyon_121051_gray_angry_emoji_watercolour_and_papercraft_style.png using Guid(bb203ed28e1cb5e4eb33879e1480c81d) Importer(815301076,1909f56bfc062723c751e8b465ee728b)  -> (artifact id: '804bec593e2f5a652566c4045ffd0467') in 0.132928 seconds 
========================================================================
Received Import Request.
  Time since last request: 0.000148 seconds.
  path: Assets/Resources/Textures/PosibleCreepTextures/craiyon_121049_gray_rock_angry_smiley_face_watercolor_papercraft_style.png
  artifactKey: Guid(0b8d8c985b9ea4c4aa0c060c0e3bad80) Importer(815301076,1909f56bfc062723c751e8b465ee728b)
Start importing Assets/Resources/Textures/PosibleCreepTextures/craiyon_121049_gray_rock_angry_smiley_face_watercolor_papercraft_style.png using Guid(0b8d8c985b9ea4c4aa0c060c0e3bad80) Importer(815301076,1909f56bfc062723c751e8b465ee728b)  -> (artifact id: '3cf18d73d5057b1694f2d7e2d2d87bc4') in 0.013525 seconds 
========================================================================
Received Import Request.
  Time since last request: 9.277684 seconds.
  path: Assets/Resources/Textures/PosibleCreepTextures/craiyon_121049_gray_rock_angry_smiley_face_watercolor_papercraft_style.png
  artifactKey: Guid(0b8d8c985b9ea4c4aa0c060c0e3bad80) Importer(815301076,1909f56bfc062723c751e8b465ee728b)
Start importing Assets/Resources/Textures/PosibleCreepTextures/craiyon_121049_gray_rock_angry_smiley_face_watercolor_papercraft_style.png using Guid(0b8d8c985b9ea4c4aa0c060c0e3bad80) Importer(815301076,1909f56bfc062723c751e8b465ee728b)  -> (artifact id: '574466b1f8737ba8320591c81b7b1bd8') in 0.012519 seconds 
========================================================================
Received Import Request.
  Time since last request: 0.000200 seconds.
  path: Assets/Resources/Textures/PosibleCreepTextures/craiyon_121051_gray_angry_emoji_watercolour_and_papercraft_style.png
  artifactKey: Guid(bb203ed28e1cb5e4eb33879e1480c81d) Importer(815301076,1909f56bfc062723c751e8b465ee728b)
Start importing Assets/Resources/Textures/PosibleCreepTextures/craiyon_121051_gray_angry_emoji_watercolour_and_papercraft_style.png using Guid(bb203ed28e1cb5e4eb33879e1480c81d) Importer(815301076,1909f56bfc062723c751e8b465ee728b)  -> (artifact id: '12399cf9af23de26e734d5ca94f0d643') in 0.010454 seconds 
========================================================================
Received Import Request.
  Time since last request: 26.004515 seconds.
  path: Assets/Resources/Textures/PosibleCreepTextures/Materials
  artifactKey: Guid(a7bc01267224cb340b16549f6d27b12c) Importer(815301076,1909f56bfc062723c751e8b465ee728b)
Start importing Assets/Resources/Textures/PosibleCreepTextures/Materials using Guid(a7bc01267224cb340b16549f6d27b12c) Importer(815301076,1909f56bfc062723c751e8b465ee728b)  -> (artifact id: '68133ef011e2bba999d1193ad20bcf29') in 0.005823 seconds 
========================================================================
Received Import Request.
  Time since last request: 0.086796 seconds.
  path: Assets/Resources/Textures/PosibleCreepTextures/Materials/craiyon_121049_gray_rock_angry_smiley_face_watercolor_papercraft_style.mat
  artifactKey: Guid(34a22dec2d8d94b4c9c87a2bf04ae180) Importer(815301076,1909f56bfc062723c751e8b465ee728b)
Start importing Assets/Resources/Textures/PosibleCreepTextures/Materials/craiyon_121049_gray_rock_angry_smiley_face_watercolor_papercraft_style.mat using Guid(34a22dec2d8d94b4c9c87a2bf04ae180) Importer(815301076,1909f56bfc062723c751e8b465ee728b)  -> (artifact id: '2849083e78670b1e446b76c383ed564b') in 0.046248 seconds 
========================================================================
Received Import Request.
  Time since last request: 119.900495 seconds.
  path: Assets/Resources/Materials/BlackSmileyCreep.mat
  artifactKey: Guid(0719af419a6dd7c409138a6ed18f0db5) Importer(815301076,1909f56bfc062723c751e8b465ee728b)
Start importing Assets/Resources/Materials/BlackSmileyCreep.mat using Guid(0719af419a6dd7c409138a6ed18f0db5) Importer(815301076,1909f56bfc062723c751e8b465ee728b)  -> (artifact id: 'b310089be54bbcbccc0e75b8faa218d8') in 0.011757 seconds 
========================================================================
Received Import Request.
  Time since last request: 0.000185 seconds.
  path: Assets/Resources/Materials/BossCreep 2.mat
  artifactKey: Guid(043cd04d3fccf5742973128514936ff0) Importer(815301076,1909f56bfc062723c751e8b465ee728b)
Start importing Assets/Resources/Materials/BossCreep 2.mat using Guid(043cd04d3fccf5742973128514936ff0) Importer(815301076,1909f56bfc062723c751e8b465ee728b)  -> (artifact id: 'fdd14b028b243fe3f95cc1d014c9ecd7') in 0.010920 seconds 
========================================================================
Received Import Request.
  Time since last request: 0.000204 seconds.
  path: Assets/Resources/Materials/brickwall.mat
  artifactKey: Guid(b6751ba9ce403314bbf6df82b7bae7b7) Importer(815301076,1909f56bfc062723c751e8b465ee728b)
Start importing Assets/Resources/Materials/brickwall.mat using Guid(b6751ba9ce403314bbf6df82b7bae7b7) Importer(815301076,1909f56bfc062723c751e8b465ee728b)  -> (artifact id: 'ceddb1d9bcec3e275b673eb1d92137e3') in 0.010849 seconds 
========================================================================
Received Import Request.
  Time since last request: 0.000177 seconds.
  path: Assets/Resources/Materials/ShieldCreep.mat
  artifactKey: Guid(00df419c2fc26fd4c825a6ae6b337647) Importer(815301076,1909f56bfc062723c751e8b465ee728b)
Start importing Assets/Resources/Materials/ShieldCreep.mat using Guid(00df419c2fc26fd4c825a6ae6b337647) Importer(815301076,1909f56bfc062723c751e8b465ee728b)  -> (artifact id: 'f675b1725df80ac4fa6c9e69ca16cbc8') in 0.010725 seconds 
========================================================================
Received Import Request.
  Time since last request: 0.000161 seconds.
  path: Assets/Resources/Materials/FastCreep.mat
  artifactKey: Guid(e2c7d2f41b70ff8498b9a61fc7e20fb1) Importer(815301076,1909f56bfc062723c751e8b465ee728b)
Start importing Assets/Resources/Materials/FastCreep.mat using Guid(e2c7d2f41b70ff8498b9a61fc7e20fb1) Importer(815301076,1909f56bfc062723c751e8b465ee728b)  -> (artifact id: '31b381a5cb964230745d2c70dd8cd2ab') in 0.012150 seconds 
========================================================================
Received Import Request.
  Time since last request: 0.000182 seconds.
  path: Assets/Resources/Materials/MultiCreep.mat
  artifactKey: Guid(f48f3f56a4e20d94ba02ef4d6bace33a) Importer(815301076,1909f56bfc062723c751e8b465ee728b)
Start importing Assets/Resources/Materials/MultiCreep.mat using Guid(f48f3f56a4e20d94ba02ef4d6bace33a) Importer(815301076,1909f56bfc062723c751e8b465ee728b)  -> (artifact id: 'a6aaa8c8b552e08cff08ca87e10ceb1d') in 0.010940 seconds 
========================================================================
Received Import Request.
  Time since last request: 0.000190 seconds.
  path: Assets/Resources/Materials/ForceFieldCreep.mat
  artifactKey: Guid(b33e49ad5fc1c1c43a8ecebe40b71a00) Importer(815301076,1909f56bfc062723c751e8b465ee728b)
Start importing Assets/Resources/Materials/ForceFieldCreep.mat using Guid(b33e49ad5fc1c1c43a8ecebe40b71a00) Importer(815301076,1909f56bfc062723c751e8b465ee728b)  -> (artifact id: '0d4fcb274eae8014fed9843bdf8b7b5f') in 0.010653 seconds 
========================================================================
Received Import Request.
  Time since last request: 0.000173 seconds.
  path: Assets/Resources/Materials/Ground.mat
  artifactKey: Guid(f0f2ed0b8c5e9784f91668e9dea30799) Importer(815301076,1909f56bfc062723c751e8b465ee728b)
Start importing Assets/Resources/Materials/Ground.mat using Guid(f0f2ed0b8c5e9784f91668e9dea30799) Importer(815301076,1909f56bfc062723c751e8b465ee728b)  -> (artifact id: '419d5aad2048694ff9e0a94b2565d880') in 0.022218 seconds 
========================================================================
Received Import Request.
  Time since last request: 0.000175 seconds.
  path: Assets/Resources/Materials/RockCreep1.mat
  artifactKey: Guid(babcd3174795bd946ac2d6c59fe090c9) Importer(815301076,1909f56bfc062723c751e8b465ee728b)
Start importing Assets/Resources/Materials/RockCreep1.mat using Guid(babcd3174795bd946ac2d6c59fe090c9) Importer(815301076,1909f56bfc062723c751e8b465ee728b)  -> (artifact id: '9033290a3a8f162ef5603f9d6cb2d271') in 0.010782 seconds 
========================================================================
Received Import Request.
  Time since last request: 0.000162 seconds.
  path: Assets/Resources/Materials/PurpleSmiley.mat
  artifactKey: Guid(2f73ca5358dbdf64ebd8abcf75d8b036) Importer(815301076,1909f56bfc062723c751e8b465ee728b)
Start importing Assets/Resources/Materials/PurpleSmiley.mat using Guid(2f73ca5358dbdf64ebd8abcf75d8b036) Importer(815301076,1909f56bfc062723c751e8b465ee728b)  -> (artifact id: '67438c3a0ab214af99cd55e79cfe42e3') in 0.012086 seconds 
========================================================================
Received Import Request.
  Time since last request: 45.539029 seconds.
  path: Assets/Resources/Textures/PosibleCreepTextures/craiyon_143829_yellow_wink_smiley_face_watercolor_papercraft_style.png
  artifactKey: Guid(bc5fab3ad74649a40af1ae940b2da493) Importer(815301076,1909f56bfc062723c751e8b465ee728b)
Start importing Assets/Resources/Textures/PosibleCreepTextures/craiyon_143829_yellow_wink_smiley_face_watercolor_papercraft_style.png using Guid(bc5fab3ad74649a40af1ae940b2da493) Importer(815301076,1909f56bfc062723c751e8b465ee728b)  -> (artifact id: 'ec75c950eb668991cd9baba62a58c6ad') in 0.012441 seconds 
========================================================================
Received Import Request.
  Time since last request: 7.207897 seconds.
  path: Assets/Resources/Textures/PosibleCreepTextures/craiyon_143829_yellow_wink_smiley_face_watercolor_papercraft_style.png
  artifactKey: Guid(bc5fab3ad74649a40af1ae940b2da493) Importer(815301076,1909f56bfc062723c751e8b465ee728b)
Start importing Assets/Resources/Textures/PosibleCreepTextures/craiyon_143829_yellow_wink_smiley_face_watercolor_papercraft_style.png using Guid(bc5fab3ad74649a40af1ae940b2da493) Importer(815301076,1909f56bfc062723c751e8b465ee728b)  -> (artifact id: '95730652d5e4babff6c90eeff2ae5719') in 0.009801 seconds 
========================================================================
Received Import Request.
  Time since last request: 339.094925 seconds.
  path: Assets/Resources/Textures/PosibleCreepTextures/craiyon_122055__arrow_patter_in_watercolor_papercraft_style.png
  artifactKey: Guid(04dbce228e90d7f49a451b5b9583143a) Importer(815301076,1909f56bfc062723c751e8b465ee728b)
Start importing Assets/Resources/Textures/PosibleCreepTextures/craiyon_122055__arrow_patter_in_watercolor_papercraft_style.png using Guid(04dbce228e90d7f49a451b5b9583143a) Importer(815301076,1909f56bfc062723c751e8b465ee728b)  -> (artifact id: '7096f5c23698fa2c56c52e01eb272852') in 0.010850 seconds 
========================================================================
Received Import Request.
  Time since last request: 6.062995 seconds.
  path: Assets/Resources/Textures/PosibleCreepTextures/craiyon_122055__arrow_patter_in_watercolor_papercraft_style.png
  artifactKey: Guid(04dbce228e90d7f49a451b5b9583143a) Importer(815301076,1909f56bfc062723c751e8b465ee728b)
Start importing Assets/Resources/Textures/PosibleCreepTextures/craiyon_122055__arrow_patter_in_watercolor_papercraft_style.png using Guid(04dbce228e90d7f49a451b5b9583143a) Importer(815301076,1909f56bfc062723c751e8b465ee728b)  -> (artifact id: '075c3b4b4188133f35300f7364880c19') in 0.009581 seconds 
========================================================================
Received Prepare
Registering precompiled user dll's ...
Registered in 0.004914 seconds.
Begin MonoManager ReloadAssembly
Native extension for WindowsStandalone target not found
Refreshing native plugins compatible for Editor in 0.75 ms, found 2 plugins.
Preloading 0 native plugins for Editor in 0.00 ms.
Mono: successfully reloaded assembly
- Completed reload, in  1.006 seconds
Domain Reload Profiling:
	ReloadAssembly (1007ms)
		BeginReloadAssembly (121ms)
			ExecutionOrderSort (0ms)
			DisableScriptedObjects (6ms)
			BackupInstance (0ms)
			ReleaseScriptingObjects (0ms)
			CreateAndSetChildDomain (33ms)
		EndReloadAssembly (831ms)
			LoadAssemblies (81ms)
			RebuildTransferFunctionScriptingTraits (0ms)
			SetupTypeCache (256ms)
			ReleaseScriptCaches (1ms)
			RebuildScriptCaches (45ms)
			SetupLoadedEditorAssemblies (345ms)
				LogAssemblyErrors (0ms)
				InitializePlatformSupportModulesInManaged (4ms)
				SetLoadedEditorAssemblies (0ms)
				RefreshPlugins (1ms)
				BeforeProcessingInitializeOnLoad (55ms)
				ProcessInitializeOnLoadAttributes (222ms)
				ProcessInitializeOnLoadMethodAttributes (57ms)
				AfterProcessingInitializeOnLoad (4ms)
				EditorAssembliesLoaded (0ms)
			ExecutionOrderSort2 (0ms)
			AwakeInstancesAfterBackupRestoration (11ms)
Platform modules already initialized, skipping
Switching build target platform(19) subTarget(0) extendedPlatform(0) -> platform(13) subTarget(589824) extendedPlatform(0)
Refreshing native plugins compatible for Editor in 0.75 ms, found 2 plugins.
Preloading 0 native plugins for Editor in 0.00 ms.
Unloading 2185 Unused Serialized files (Serialized files now loaded: 0)
System memory in use before: 131.8 MB.
System memory in use after: 131.7 MB.

Unloading 49 unused Assets to reduce memory usage. Loaded Objects now: 2889.
Total: 6.238900 ms (FindLiveObjects: 0.202400 ms CreateObjectMapping: 0.064900 ms MarkObjects: 5.796500 ms  DeleteObjects: 0.174100 ms)

AssetImportParameters requested are different than current active one (requested -> active):
  custom:framework-win-MediaFoundation: 216162199b28c13a410421893ffa2e32 -> 
  custom:video-decoder-ogg-theora: a1e56fd34408186e4bbccfd4996cb3dc -> 
  custom:container-muxer-webm: aa71ff27fc2769a1b78a27578f13a17b -> 
  custom:container-demuxer-webm: 4f35f7cbe854078d1ac9338744f61a02 -> 
  custom:container-demuxer-ogg: 62fdf1f143b41e24485cea50d1cbac27 -> 
  custom:video-encoder-webm-vp8: eb34c28f22e8b96e1ab97ce403110664 -> 
  custom:video-decoder-webm-vp8: 9c59270c3fd7afecdb556c50c9e8de78 -> 
  custom:graphics/normal-map-encoding: 01000000000000000000000000000000 -> 02000000000000000000000000000000
  custom:audio-decoder-ogg-vorbis: bf7c407c2cedff20999df2af8eb42d56 -> 
  custom:audio-encoder-webm-vorbis: bf7c407c2cedff20999df2af8eb42d56 -> 
========================================================================
Received Import Request.
  Time since last request: 119.333377 seconds.
  path: Assets/Resources/Textures/PosibleCreepTextures/craiyon_122055__arrow_patter_in_watercolor_papercraft_style.png
  artifactKey: Guid(04dbce228e90d7f49a451b5b9583143a) Importer(815301076,1909f56bfc062723c751e8b465ee728b)
Start importing Assets/Resources/Textures/PosibleCreepTextures/craiyon_122055__arrow_patter_in_watercolor_papercraft_style.png using Guid(04dbce228e90d7f49a451b5b9583143a) Importer(815301076,1909f56bfc062723c751e8b465ee728b)  -> (artifact id: '25ad9068071152d786de8c289c0be7ef') in 0.033118 seconds 
========================================================================
Received Prepare
Registering precompiled user dll's ...
Registered in 0.003461 seconds.
Begin MonoManager ReloadAssembly
Native extension for WindowsStandalone target not found
Refreshing native plugins compatible for Editor in 0.83 ms, found 2 plugins.
Preloading 0 native plugins for Editor in 0.00 ms.
Mono: successfully reloaded assembly
- Completed reload, in  0.997 seconds
Domain Reload Profiling:
	ReloadAssembly (997ms)
		BeginReloadAssembly (111ms)
			ExecutionOrderSort (0ms)
			DisableScriptedObjects (6ms)
			BackupInstance (0ms)
			ReleaseScriptingObjects (0ms)
			CreateAndSetChildDomain (33ms)
		EndReloadAssembly (828ms)
			LoadAssemblies (83ms)
			RebuildTransferFunctionScriptingTraits (0ms)
			SetupTypeCache (250ms)
			ReleaseScriptCaches (1ms)
			RebuildScriptCaches (45ms)
			SetupLoadedEditorAssemblies (344ms)
				LogAssemblyErrors (0ms)
				InitializePlatformSupportModulesInManaged (4ms)
				SetLoadedEditorAssemblies (0ms)
				RefreshPlugins (1ms)
				BeforeProcessingInitializeOnLoad (55ms)
				ProcessInitializeOnLoadAttributes (221ms)
				ProcessInitializeOnLoadMethodAttributes (57ms)
				AfterProcessingInitializeOnLoad (5ms)
				EditorAssembliesLoaded (0ms)
			ExecutionOrderSort2 (0ms)
			AwakeInstancesAfterBackupRestoration (11ms)
Platform modules already initialized, skipping
Switching build target platform(19) subTarget(0) extendedPlatform(0) -> platform(13) subTarget(589824) extendedPlatform(0)
Refreshing native plugins compatible for Editor in 0.76 ms, found 2 plugins.
Preloading 0 native plugins for Editor in 0.00 ms.
Unloading 2182 Unused Serialized files (Serialized files now loaded: 0)
System memory in use before: 132.1 MB.
System memory in use after: 132.0 MB.

Unloading 49 unused Assets to reduce memory usage. Loaded Objects now: 2905.
Total: 6.250000 ms (FindLiveObjects: 0.223300 ms CreateObjectMapping: 0.067200 ms MarkObjects: 5.769500 ms  DeleteObjects: 0.188800 ms)

AssetImportParameters requested are different than current active one (requested -> active):
  custom:framework-win-MediaFoundation: 216162199b28c13a410421893ffa2e32 -> 
  custom:video-decoder-ogg-theora: a1e56fd34408186e4bbccfd4996cb3dc -> 
  custom:container-muxer-webm: aa71ff27fc2769a1b78a27578f13a17b -> 
  custom:container-demuxer-webm: 4f35f7cbe854078d1ac9338744f61a02 -> 
  custom:container-demuxer-ogg: 62fdf1f143b41e24485cea50d1cbac27 -> 
  custom:video-encoder-webm-vp8: eb34c28f22e8b96e1ab97ce403110664 -> 
  custom:video-decoder-webm-vp8: 9c59270c3fd7afecdb556c50c9e8de78 -> 
  custom:graphics/normal-map-encoding: 01000000000000000000000000000000 -> 02000000000000000000000000000000
  custom:audio-decoder-ogg-vorbis: bf7c407c2cedff20999df2af8eb42d56 -> 
  custom:audio-encoder-webm-vorbis: bf7c407c2cedff20999df2af8eb42d56 -> 
========================================================================
Received Import Request.
  Time since last request: 59.161278 seconds.
  path: Assets/Resources/Textures/PosibleCreepTextures/craiyon_122055__arrow_patter_in_watercolor_papercraft_style.png
  artifactKey: Guid(04dbce228e90d7f49a451b5b9583143a) Importer(815301076,1909f56bfc062723c751e8b465ee728b)
Start importing Assets/Resources/Textures/PosibleCreepTextures/craiyon_122055__arrow_patter_in_watercolor_papercraft_style.png using Guid(04dbce228e90d7f49a451b5b9583143a) Importer(815301076,1909f56bfc062723c751e8b465ee728b)  -> (artifact id: '9facf3b09e358834d981258a60f8e8a7') in 0.030365 seconds 
========================================================================
Received Prepare
Registering precompiled user dll's ...
Registered in 0.003051 seconds.
Begin MonoManager ReloadAssembly
Native extension for WindowsStandalone target not found
Refreshing native plugins compatible for Editor in 0.76 ms, found 2 plugins.
Preloading 0 native plugins for Editor in 0.00 ms.
Mono: successfully reloaded assembly
- Completed reload, in  1.009 seconds
Domain Reload Profiling:
	ReloadAssembly (1009ms)
		BeginReloadAssembly (110ms)
			ExecutionOrderSort (0ms)
			DisableScriptedObjects (7ms)
			BackupInstance (0ms)
			ReleaseScriptingObjects (0ms)
			CreateAndSetChildDomain (33ms)
		EndReloadAssembly (842ms)
			LoadAssemblies (82ms)
			RebuildTransferFunctionScriptingTraits (0ms)
			SetupTypeCache (253ms)
			ReleaseScriptCaches (1ms)
			RebuildScriptCaches (46ms)
			SetupLoadedEditorAssemblies (354ms)
				LogAssemblyErrors (0ms)
				InitializePlatformSupportModulesInManaged (4ms)
				SetLoadedEditorAssemblies (0ms)
				RefreshPlugins (1ms)
				BeforeProcessingInitializeOnLoad (54ms)
				ProcessInitializeOnLoadAttributes (232ms)
				ProcessInitializeOnLoadMethodAttributes (57ms)
				AfterProcessingInitializeOnLoad (5ms)
				EditorAssembliesLoaded (0ms)
			ExecutionOrderSort2 (0ms)
			AwakeInstancesAfterBackupRestoration (11ms)
Platform modules already initialized, skipping
Switching build target platform(19) subTarget(0) extendedPlatform(0) -> platform(13) subTarget(589824) extendedPlatform(0)
Refreshing native plugins compatible for Editor in 0.77 ms, found 2 plugins.
Preloading 0 native plugins for Editor in 0.00 ms.
Unloading 2182 Unused Serialized files (Serialized files now loaded: 0)
System memory in use before: 132.6 MB.
System memory in use after: 132.4 MB.

Unloading 49 unused Assets to reduce memory usage. Loaded Objects now: 2921.
Total: 6.364300 ms (FindLiveObjects: 0.217000 ms CreateObjectMapping: 0.068000 ms MarkObjects: 5.887100 ms  DeleteObjects: 0.191200 ms)

AssetImportParameters requested are different than current active one (requested -> active):
  custom:framework-win-MediaFoundation: 216162199b28c13a410421893ffa2e32 -> 
  custom:video-decoder-ogg-theora: a1e56fd34408186e4bbccfd4996cb3dc -> 
  custom:container-muxer-webm: aa71ff27fc2769a1b78a27578f13a17b -> 
  custom:container-demuxer-webm: 4f35f7cbe854078d1ac9338744f61a02 -> 
  custom:container-demuxer-ogg: 62fdf1f143b41e24485cea50d1cbac27 -> 
  custom:video-encoder-webm-vp8: eb34c28f22e8b96e1ab97ce403110664 -> 
  custom:video-decoder-webm-vp8: 9c59270c3fd7afecdb556c50c9e8de78 -> 
  custom:graphics/normal-map-encoding: 01000000000000000000000000000000 -> 02000000000000000000000000000000
  custom:audio-decoder-ogg-vorbis: bf7c407c2cedff20999df2af8eb42d56 -> 
  custom:audio-encoder-webm-vorbis: bf7c407c2cedff20999df2af8eb42d56 -> 
========================================================================
Received Prepare
Registering precompiled user dll's ...
Registered in 0.003067 seconds.
Begin MonoManager ReloadAssembly
Native extension for WindowsStandalone target not found
Refreshing native plugins compatible for Editor in 1.10 ms, found 2 plugins.
Preloading 0 native plugins for Editor in 0.00 ms.
Mono: successfully reloaded assembly
- Completed reload, in  1.024 seconds
Domain Reload Profiling:
	ReloadAssembly (1024ms)
		BeginReloadAssembly (123ms)
			ExecutionOrderSort (0ms)
			DisableScriptedObjects (7ms)
			BackupInstance (0ms)
			ReleaseScriptingObjects (0ms)
			CreateAndSetChildDomain (34ms)
		EndReloadAssembly (845ms)
			LoadAssemblies (84ms)
			RebuildTransferFunctionScriptingTraits (0ms)
			SetupTypeCache (258ms)
			ReleaseScriptCaches (1ms)
			RebuildScriptCaches (47ms)
			SetupLoadedEditorAssemblies (344ms)
				LogAssemblyErrors (0ms)
				InitializePlatformSupportModulesInManaged (5ms)
				SetLoadedEditorAssemblies (0ms)
				RefreshPlugins (1ms)
				BeforeProcessingInitializeOnLoad (54ms)
				ProcessInitializeOnLoadAttributes (222ms)
				ProcessInitializeOnLoadMethodAttributes (56ms)
				AfterProcessingInitializeOnLoad (5ms)
				EditorAssembliesLoaded (0ms)
			ExecutionOrderSort2 (0ms)
			AwakeInstancesAfterBackupRestoration (12ms)
Platform modules already initialized, skipping
Switching build target platform(19) subTarget(0) extendedPlatform(0) -> platform(13) subTarget(589824) extendedPlatform(0)
Refreshing native plugins compatible for Editor in 0.76 ms, found 2 plugins.
Preloading 0 native plugins for Editor in 0.00 ms.
Unloading 2182 Unused Serialized files (Serialized files now loaded: 0)
System memory in use before: 132.6 MB.
System memory in use after: 132.4 MB.

Unloading 49 unused Assets to reduce memory usage. Loaded Objects now: 2923.
Total: 6.215300 ms (FindLiveObjects: 0.209100 ms CreateObjectMapping: 0.065100 ms MarkObjects: 5.742100 ms  DeleteObjects: 0.197800 ms)

AssetImportParameters requested are different than current active one (requested -> active):
  custom:framework-win-MediaFoundation: 216162199b28c13a410421893ffa2e32 -> 
  custom:video-decoder-ogg-theora: a1e56fd34408186e4bbccfd4996cb3dc -> 
  custom:container-muxer-webm: aa71ff27fc2769a1b78a27578f13a17b -> 
  custom:container-demuxer-webm: 4f35f7cbe854078d1ac9338744f61a02 -> 
  custom:container-demuxer-ogg: 62fdf1f143b41e24485cea50d1cbac27 -> 
  custom:video-encoder-webm-vp8: eb34c28f22e8b96e1ab97ce403110664 -> 
  custom:video-decoder-webm-vp8: 9c59270c3fd7afecdb556c50c9e8de78 -> 
  custom:graphics/normal-map-encoding: 01000000000000000000000000000000 -> 02000000000000000000000000000000
  custom:audio-decoder-ogg-vorbis: bf7c407c2cedff20999df2af8eb42d56 -> 
  custom:audio-encoder-webm-vorbis: bf7c407c2cedff20999df2af8eb42d56 -> 
========================================================================
Received Prepare
Refreshing native plugins compatible for Editor in 9.55 ms, found 2 plugins.
Preloading 0 native plugins for Editor in 0.00 ms.
Unloading 47 Unused Serialized files (Serialized files now loaded: 0)
System memory in use before: 90.7 MB.
System memory in use after: 90.6 MB.

Unloading 47 unused Assets to reduce memory usage. Loaded Objects now: 2923.
Total: 6.620000 ms (FindLiveObjects: 0.260100 ms CreateObjectMapping: 0.067800 ms MarkObjects: 6.064200 ms  DeleteObjects: 0.226500 ms)

AssetImportParameters requested are different than current active one (requested -> active):
  custom:framework-win-MediaFoundation: 216162199b28c13a410421893ffa2e32 -> 
  custom:video-decoder-ogg-theora: a1e56fd34408186e4bbccfd4996cb3dc -> 
  custom:container-muxer-webm: aa71ff27fc2769a1b78a27578f13a17b -> 
  custom:container-demuxer-webm: 4f35f7cbe854078d1ac9338744f61a02 -> 
  custom:container-demuxer-ogg: 62fdf1f143b41e24485cea50d1cbac27 -> 
  custom:video-encoder-webm-vp8: eb34c28f22e8b96e1ab97ce403110664 -> 
  custom:video-decoder-webm-vp8: 9c59270c3fd7afecdb556c50c9e8de78 -> 
  custom:audio-decoder-ogg-vorbis: bf7c407c2cedff20999df2af8eb42d56 -> 
  custom:audio-encoder-webm-vorbis: bf7c407c2cedff20999df2af8eb42d56 -> 
========================================================================
Received Import Request.
  Time since last request: 738.213402 seconds.
  path: Assets/Resources/Textures/NormalCreep.png
  artifactKey: Guid(97103a2cf9752434f8cd5ff71e28a4a0) Importer(815301076,1909f56bfc062723c751e8b465ee728b)
Start importing Assets/Resources/Textures/NormalCreep.png using Guid(97103a2cf9752434f8cd5ff71e28a4a0) Importer(815301076,1909f56bfc062723c751e8b465ee728b)  -> (artifact id: '2f89c71204d2a07327627385c5f0ea19') in 0.035959 seconds 
========================================================================
Received Import Request.
  Time since last request: 12.894642 seconds.
  path: Assets/Resources/Textures/RockCreep.png
  artifactKey: Guid(0b8d8c985b9ea4c4aa0c060c0e3bad80) Importer(815301076,1909f56bfc062723c751e8b465ee728b)
Start importing Assets/Resources/Textures/RockCreep.png using Guid(0b8d8c985b9ea4c4aa0c060c0e3bad80) Importer(815301076,1909f56bfc062723c751e8b465ee728b)  -> (artifact id: '80f66dfc8ea02dc52331df97ec8de680') in 0.009682 seconds 
========================================================================
Received Import Request.
  Time since last request: 7.249013 seconds.
  path: Assets/Resources/Textures/StraightCreep.png
  artifactKey: Guid(04dbce228e90d7f49a451b5b9583143a) Importer(815301076,1909f56bfc062723c751e8b465ee728b)
Start importing Assets/Resources/Textures/StraightCreep.png using Guid(04dbce228e90d7f49a451b5b9583143a) Importer(815301076,1909f56bfc062723c751e8b465ee728b)  -> (artifact id: '33fe075035fd2885d475ea62eee2fae6') in 0.010424 seconds 
========================================================================
Received Import Request.
  Time since last request: 129.669670 seconds.
  path: Assets/Resources/Textures/BossCreeo.png
  artifactKey: Guid(8dddb4b11430ca545a0497fe5a623322) Importer(815301076,1909f56bfc062723c751e8b465ee728b)
Start importing Assets/Resources/Textures/BossCreeo.png using Guid(8dddb4b11430ca545a0497fe5a623322) Importer(815301076,1909f56bfc062723c751e8b465ee728b)  -> (artifact id: 'ba3075343696acf350c67da36421bc10') in 0.011212 seconds 
========================================================================
Received Import Request.
  Time since last request: 14.796433 seconds.
  path: Assets/Resources/Textures/ForceFieldCreep.png
  artifactKey: Guid(eb4fad9f645af6d44af517e7d4078a87) Importer(815301076,1909f56bfc062723c751e8b465ee728b)
Start importing Assets/Resources/Textures/ForceFieldCreep.png using Guid(eb4fad9f645af6d44af517e7d4078a87) Importer(815301076,1909f56bfc062723c751e8b465ee728b)  -> (artifact id: '9a05f10819252685e21154f738d2e147') in 0.010183 seconds 
========================================================================
Received Import Request.
  Time since last request: 14.508341 seconds.
  path: Assets/Resources/Textures/ElementAbsorbentCreep.png
  artifactKey: Guid(fdfffb6984cd31047beec78d978e6540) Importer(815301076,1909f56bfc062723c751e8b465ee728b)
Start importing Assets/Resources/Textures/ElementAbsorbentCreep.png using Guid(fdfffb6984cd31047beec78d978e6540) Importer(815301076,1909f56bfc062723c751e8b465ee728b)  -> (artifact id: '7979018e550dc5cb397a84333e98ed84') in 0.010020 seconds 
========================================================================
Received Import Request.
  Time since last request: 14.986772 seconds.
  path: Assets/Resources/Textures/ShieldCreep.png
  artifactKey: Guid(bc5fab3ad74649a40af1ae940b2da493) Importer(815301076,1909f56bfc062723c751e8b465ee728b)
Start importing Assets/Resources/Textures/ShieldCreep.png using Guid(bc5fab3ad74649a40af1ae940b2da493) Importer(815301076,1909f56bfc062723c751e8b465ee728b)  -> (artifact id: 'bc635b9f2ef42cb201e76e6aaeb190ef') in 0.009943 seconds 
========================================================================
Received Import Request.
  Time since last request: 22.865315 seconds.
  path: Assets/Resources/Textures/BrickWall.png
  artifactKey: Guid(2ef483589e83ff845b5f9b7f722dbbb2) Importer(815301076,1909f56bfc062723c751e8b465ee728b)
Start importing Assets/Resources/Textures/BrickWall.png using Guid(2ef483589e83ff845b5f9b7f722dbbb2) Importer(815301076,1909f56bfc062723c751e8b465ee728b)  -> (artifact id: '1cdf9e27fb54217971a2ce3a1ee94d98') in 0.010657 seconds 
========================================================================
Received Import Request.
  Time since last request: 8.905250 seconds.
  path: Assets/Resources/Textures/FastCreep.png
  artifactKey: Guid(bd5ef9a622291d24caca060af14bc028) Importer(815301076,1909f56bfc062723c751e8b465ee728b)
Start importing Assets/Resources/Textures/FastCreep.png using Guid(bd5ef9a622291d24caca060af14bc028) Importer(815301076,1909f56bfc062723c751e8b465ee728b)  -> (artifact id: 'c00385f7f5f8bd13cecf0f83670cbaed') in 0.010608 seconds 
========================================================================
Received Import Request.
  Time since last request: 161.827822 seconds.
  path: Assets/Resources/Textures/craiyon_124253_Mexico_Flag_watercolor_style.png
  artifactKey: Guid(20a77d02b9f43264786dcadd79f9cccd) Importer(815301076,1909f56bfc062723c751e8b465ee728b)
Start importing Assets/Resources/Textures/craiyon_124253_Mexico_Flag_watercolor_style.png using Guid(20a77d02b9f43264786dcadd79f9cccd) Importer(815301076,1909f56bfc062723c751e8b465ee728b)  -> (artifact id: '53f3fe3f21d6fcf8bd702c7aa9fe20d0') in 0.022260 seconds 
========================================================================
Received Import Request.
  Time since last request: 12.755356 seconds.
  path: Assets/Resources/Textures/craiyon_124253_Mexico_Flag_watercolor_style.png
  artifactKey: Guid(20a77d02b9f43264786dcadd79f9cccd) Importer(815301076,1909f56bfc062723c751e8b465ee728b)
Start importing Assets/Resources/Textures/craiyon_124253_Mexico_Flag_watercolor_style.png using Guid(20a77d02b9f43264786dcadd79f9cccd) Importer(815301076,1909f56bfc062723c751e8b465ee728b)  -> (artifact id: '527a58c0552d80db90e6bef86abc1894') in 0.032837 seconds 
========================================================================
Received Import Request.
  Time since last request: 73.226525 seconds.
  path: Assets/Resources/Textures/craiyon_124253_Mexico_Flag_watercolor_style.png
  artifactKey: Guid(20a77d02b9f43264786dcadd79f9cccd) Importer(815301076,1909f56bfc062723c751e8b465ee728b)
Start importing Assets/Resources/Textures/craiyon_124253_Mexico_Flag_watercolor_style.png using Guid(20a77d02b9f43264786dcadd79f9cccd) Importer(815301076,1909f56bfc062723c751e8b465ee728b)  -> (artifact id: 'd1e9f43a8290daa3d400542bf9398a7d') in 0.023399 seconds 
========================================================================
Received Import Request.
  Time since last request: 9.695606 seconds.
  path: Assets/Resources/Textures/craiyon_124336_USA_Flag_watercolor_style.png
  artifactKey: Guid(00074a8cc05f8504ca9da54efdbd6e27) Importer(815301076,1909f56bfc062723c751e8b465ee728b)
Start importing Assets/Resources/Textures/craiyon_124336_USA_Flag_watercolor_style.png using Guid(00074a8cc05f8504ca9da54efdbd6e27) Importer(815301076,1909f56bfc062723c751e8b465ee728b)  -> (artifact id: '332b895ecb4e1b89424fb4a582f8c82f') in 0.027635 seconds 
========================================================================
Received Import Request.
  Time since last request: 9.811162 seconds.
  path: Assets/Scenes/MainMenu.unity
  artifactKey: Guid(bf4d9a4d43272bf4cadaa3754dee6d34) Importer(815301076,1909f56bfc062723c751e8b465ee728b)
Start importing Assets/Scenes/MainMenu.unity using Guid(bf4d9a4d43272bf4cadaa3754dee6d34) Importer(815301076,1909f56bfc062723c751e8b465ee728b)  -> (artifact id: 'bf332857dedc355425d0065a1444de7c') in 0.006952 seconds 
========================================================================
Received Import Request.
  Time since last request: 3.014330 seconds.
  path: Assets/Scenes/MainMenu2.unity
  artifactKey: Guid(90cc58c6f0d017e4dbd965d3473651c4) Importer(815301076,1909f56bfc062723c751e8b465ee728b)
Start importing Assets/Scenes/MainMenu2.unity using Guid(90cc58c6f0d017e4dbd965d3473651c4) Importer(815301076,1909f56bfc062723c751e8b465ee728b)  -> (artifact id: '621d0f0e59087970f11de21939e1388d') in 0.007150 seconds 
========================================================================
Received Import Request.
  Time since last request: 64.105660 seconds.
  path: Assets/Resources/Textures/MX_Flag.png
  artifactKey: Guid(20a77d02b9f43264786dcadd79f9cccd) Importer(815301076,1909f56bfc062723c751e8b465ee728b)
Start importing Assets/Resources/Textures/MX_Flag.png using Guid(20a77d02b9f43264786dcadd79f9cccd) Importer(815301076,1909f56bfc062723c751e8b465ee728b)  -> (artifact id: 'ebbbbf954aae71bd337e69c73749b7a1') in 0.013682 seconds 
========================================================================
Received Import Request.
  Time since last request: 6.690910 seconds.
  path: Assets/Resources/Textures/MexicoFlag.png
  artifactKey: Guid(20a77d02b9f43264786dcadd79f9cccd) Importer(815301076,1909f56bfc062723c751e8b465ee728b)
Start importing Assets/Resources/Textures/MexicoFlag.png using Guid(20a77d02b9f43264786dcadd79f9cccd) Importer(815301076,1909f56bfc062723c751e8b465ee728b)  -> (artifact id: 'c380a9ba66e0f5d9a5a78f430b0176ee') in 0.014010 seconds 
========================================================================
Received Import Request.
  Time since last request: 10.968834 seconds.
  path: Assets/Resources/Textures/UsaFlag.png
  artifactKey: Guid(00074a8cc05f8504ca9da54efdbd6e27) Importer(815301076,1909f56bfc062723c751e8b465ee728b)
Start importing Assets/Resources/Textures/UsaFlag.png using Guid(00074a8cc05f8504ca9da54efdbd6e27) Importer(815301076,1909f56bfc062723c751e8b465ee728b)  -> (artifact id: '32c70fcdb43f528e91295614e93373e5') in 0.015536 seconds 
========================================================================
Received Import Request.
  Time since last request: 33.897138 seconds.
  path: Assets/Resources/Textures/UsaFlag.png
  artifactKey: Guid(00074a8cc05f8504ca9da54efdbd6e27) Importer(815301076,1909f56bfc062723c751e8b465ee728b)
Start importing Assets/Resources/Textures/UsaFlag.png using Guid(00074a8cc05f8504ca9da54efdbd6e27) Importer(815301076,1909f56bfc062723c751e8b465ee728b)  -> (artifact id: 'a70eca38f681e863f225551c8efafa09') in 0.023757 seconds 
========================================================================
Received Import Request.
  Time since last request: 49.571324 seconds.
  path: Assets/Standard Assets/Vehicles/Aircraft/Materials/AircraftFuselageGrey.mat
  artifactKey: Guid(141b5bb76b8b39342a5a787acbeaabfd) Importer(815301076,1909f56bfc062723c751e8b465ee728b)
Start importing Assets/Standard Assets/Vehicles/Aircraft/Materials/AircraftFuselageGrey.mat using Guid(141b5bb76b8b39342a5a787acbeaabfd) Importer(815301076,1909f56bfc062723c751e8b465ee728b)  -> (artifact id: '88cecd74c7a4ebb2041388a6a27872a5') in 0.971656 seconds 
========================================================================
Received Import Request.
  Time since last request: 0.000217 seconds.
  path: Assets/Standard Assets/Vehicles/Aircraft/Materials/AircraftFuselageWhite.mat
  artifactKey: Guid(6f36a222811073946936cf1cdeb78f9c) Importer(815301076,1909f56bfc062723c751e8b465ee728b)
Start importing Assets/Standard Assets/Vehicles/Aircraft/Materials/AircraftFuselageWhite.mat using Guid(6f36a222811073946936cf1cdeb78f9c) Importer(815301076,1909f56bfc062723c751e8b465ee728b)  -> (artifact id: '64396c089983deed9f70e8b3c6f432b1') in 0.315415 seconds 
========================================================================
Received Import Request.
  Time since last request: 0.000130 seconds.
  path: Assets/Standard Assets/Vehicles/Aircraft/Materials/AircraftWingsJetWhite.mat
  artifactKey: Guid(365a29a7757a91544b92d59a78390495) Importer(815301076,1909f56bfc062723c751e8b465ee728b)
Start importing Assets/Standard Assets/Vehicles/Aircraft/Materials/AircraftWingsJetWhite.mat using Guid(365a29a7757a91544b92d59a78390495) Importer(815301076,1909f56bfc062723c751e8b465ee728b)  -> (artifact id: '18b76b9006daba3726981f4379d4d75c') in 0.316626 seconds 
========================================================================
Received Import Request.
  Time since last request: 0.000159 seconds.
  path: Assets/Standard Assets/Vehicles/Aircraft/Materials/AircraftWingsPropellerBlurWhite.mat
  artifactKey: Guid(f5a209142cf260f4a96ca747e0e4dadf) Importer(815301076,1909f56bfc062723c751e8b465ee728b)
Start importing Assets/Standard Assets/Vehicles/Aircraft/Materials/AircraftWingsPropellerBlurWhite.mat using Guid(f5a209142cf260f4a96ca747e0e4dadf) Importer(815301076,1909f56bfc062723c751e8b465ee728b)  -> (artifact id: '3548c6891d05e8e691e808624ea089ee') in 0.028402 seconds 
========================================================================
Received Import Request.
  Time since last request: 0.000284 seconds.
  path: Assets/Standard Assets/Vehicles/Aircraft/Materials/AircraftWingsJetGrey.mat
  artifactKey: Guid(42672579dbdf2c8449598d21e2c569ec) Importer(815301076,1909f56bfc062723c751e8b465ee728b)
Start importing Assets/Standard Assets/Vehicles/Aircraft/Materials/AircraftWingsJetGrey.mat using Guid(42672579dbdf2c8449598d21e2c569ec) Importer(815301076,1909f56bfc062723c751e8b465ee728b)  -> (artifact id: '556ac448da7e6b964c48a9bfc5b545d6') in 0.750784 seconds 
========================================================================
Received Import Request.
  Time since last request: 0.000209 seconds.
  path: Assets/Standard Assets/Vehicles/Aircraft/Materials/AircraftWingsPropellerBlurGrey.mat
  artifactKey: Guid(d5b08f0e43171dd468f4fed8bb5d0cea) Importer(815301076,1909f56bfc062723c751e8b465ee728b)
Start importing Assets/Standard Assets/Vehicles/Aircraft/Materials/AircraftWingsPropellerBlurGrey.mat using Guid(d5b08f0e43171dd468f4fed8bb5d0cea) Importer(815301076,1909f56bfc062723c751e8b465ee728b)  -> (artifact id: 'cfc903bc7fc6fb04b8396ed2cc225d37') in 0.022909 seconds 
========================================================================
Received Import Request.
  Time since last request: 2.778001 seconds.
  path: Assets/Standard Assets/Vehicles/Aircraft/Materials/AircraftWingsPropellersGrey.mat
  artifactKey: Guid(9cc96cc80c50454429965171ff4e500d) Importer(815301076,1909f56bfc062723c751e8b465ee728b)
Start importing Assets/Standard Assets/Vehicles/Aircraft/Materials/AircraftWingsPropellersGrey.mat using Guid(9cc96cc80c50454429965171ff4e500d) Importer(815301076,1909f56bfc062723c751e8b465ee728b)  -> (artifact id: '0be48f7565089f001c6db5852dc2946d') in 0.324990 seconds 
========================================================================
Received Import Request.
  Time since last request: 0.000119 seconds.
  path: Assets/Standard Assets/2D/Sprites/Materials/BackgroundNavyGridSprite.mat
  artifactKey: Guid(e2fd63db87500ef40bb58a2b4b302777) Importer(815301076,1909f56bfc062723c751e8b465ee728b)
Start importing Assets/Standard Assets/2D/Sprites/Materials/BackgroundNavyGridSprite.mat using Guid(e2fd63db87500ef40bb58a2b4b302777) Importer(815301076,1909f56bfc062723c751e8b465ee728b)  -> (artifact id: 'c51f51f5ed9c641cc3209e17f321cd45') in 0.017584 seconds 
========================================================================
Received Import Request.
  Time since last request: 0.000211 seconds.
  path: Assets/Standard Assets/Vehicles/Aircraft/Materials/AircraftWingsPropellersWhite.mat
  artifactKey: Guid(ef1216aa37a0cc249a6a6f5abbd25665) Importer(815301076,1909f56bfc062723c751e8b465ee728b)
Start importing Assets/Standard Assets/Vehicles/Aircraft/Materials/AircraftWingsPropellersWhite.mat using Guid(ef1216aa37a0cc249a6a6f5abbd25665) Importer(815301076,1909f56bfc062723c751e8b465ee728b)  -> (artifact id: 'fd8a24241be12a66907c0e109ba2d65b') in 0.325979 seconds 
========================================================================
Received Import Request.
  Time since last request: 0.908928 seconds.
  path: Assets/Standard Assets/Environment/SpeedTree/Broadleaf/Broadleaf_Desktop Materials/Billboard.mat
  artifactKey: Guid(d68104aea3d1d084385a1acc7c896247) Importer(815301076,1909f56bfc062723c751e8b465ee728b)
Start importing Assets/Standard Assets/Environment/SpeedTree/Broadleaf/Broadleaf_Desktop Materials/Billboard.mat using Guid(d68104aea3d1d084385a1acc7c896247) Importer(815301076,1909f56bfc062723c751e8b465ee728b)  -> (artifact id: 'c13c7af96fc116cfdb990916b14106b7') in 0.056724 seconds 
========================================================================
Received Import Request.
  Time since last request: 35.779826 seconds.
  path: Assets/Scenes/TestLevel.unity
  artifactKey: Guid(12407d7b78ddc514bab892073dc2ec9c) Importer(815301076,1909f56bfc062723c751e8b465ee728b)
Start importing Assets/Scenes/TestLevel.unity using Guid(12407d7b78ddc514bab892073dc2ec9c) Importer(815301076,1909f56bfc062723c751e8b465ee728b)  -> (artifact id: '2e16f24752c914aa6cb46fd0badf607b') in 0.006501 seconds 
========================================================================
Received Prepare
Registering precompiled user dll's ...
Registered in 0.003111 seconds.
Begin MonoManager ReloadAssembly
Native extension for WindowsStandalone target not found
Refreshing native plugins compatible for Editor in 0.78 ms, found 2 plugins.
Preloading 0 native plugins for Editor in 0.00 ms.
Mono: successfully reloaded assembly
- Completed reload, in  1.035 seconds
Domain Reload Profiling:
	ReloadAssembly (1035ms)
		BeginReloadAssembly (115ms)
			ExecutionOrderSort (0ms)
			DisableScriptedObjects (6ms)
			BackupInstance (0ms)
			ReleaseScriptingObjects (0ms)
			CreateAndSetChildDomain (34ms)
		EndReloadAssembly (864ms)
			LoadAssemblies (82ms)
			RebuildTransferFunctionScriptingTraits (0ms)
			SetupTypeCache (247ms)
			ReleaseScriptCaches (1ms)
			RebuildScriptCaches (45ms)
			SetupLoadedEditorAssemblies (344ms)
				LogAssemblyErrors (0ms)
				InitializePlatformSupportModulesInManaged (4ms)
				SetLoadedEditorAssemblies (0ms)
				RefreshPlugins (1ms)
				BeforeProcessingInitializeOnLoad (55ms)
				ProcessInitializeOnLoadAttributes (224ms)
				ProcessInitializeOnLoadMethodAttributes (56ms)
				AfterProcessingInitializeOnLoad (4ms)
				EditorAssembliesLoaded (0ms)
			ExecutionOrderSort2 (0ms)
			AwakeInstancesAfterBackupRestoration (13ms)
Platform modules already initialized, skipping
Switching build target platform(19) subTarget(0) extendedPlatform(0) -> platform(13) subTarget(589824) extendedPlatform(0)
Refreshing native plugins compatible for Editor in 0.76 ms, found 2 plugins.
Preloading 0 native plugins for Editor in 0.00 ms.
Unloading 2190 Unused Serialized files (Serialized files now loaded: 0)
System memory in use before: 142.8 MB.
System memory in use after: 142.6 MB.

Unloading 49 unused Assets to reduce memory usage. Loaded Objects now: 3178.
Total: 7.167700 ms (FindLiveObjects: 0.323400 ms CreateObjectMapping: 0.112400 ms MarkObjects: 6.523500 ms  DeleteObjects: 0.207200 ms)

AssetImportParameters requested are different than current active one (requested -> active):
  custom:framework-win-MediaFoundation: 216162199b28c13a410421893ffa2e32 -> 
  custom:video-decoder-ogg-theora: a1e56fd34408186e4bbccfd4996cb3dc -> 
  custom:container-muxer-webm: aa71ff27fc2769a1b78a27578f13a17b -> 
  custom:container-demuxer-webm: 4f35f7cbe854078d1ac9338744f61a02 -> 
  custom:container-demuxer-ogg: 62fdf1f143b41e24485cea50d1cbac27 -> 
  custom:video-encoder-webm-vp8: eb34c28f22e8b96e1ab97ce403110664 -> 
  custom:video-decoder-webm-vp8: 9c59270c3fd7afecdb556c50c9e8de78 -> 
  custom:graphics/normal-map-encoding: 01000000000000000000000000000000 -> 02000000000000000000000000000000
  custom:audio-decoder-ogg-vorbis: bf7c407c2cedff20999df2af8eb42d56 -> 
  custom:audio-encoder-webm-vorbis: bf7c407c2cedff20999df2af8eb42d56 -> 
========================================================================
Received Import Request.
  Time since last request: 38.474987 seconds.
  path: Assets/Resources/Textures/craiyon_124328_watercolor_yellow_texture.png
  artifactKey: Guid(7cd232ad38524a1409b80fff37e2533c) Importer(815301076,1909f56bfc062723c751e8b465ee728b)
Start importing Assets/Resources/Textures/craiyon_124328_watercolor_yellow_texture.png using Guid(7cd232ad38524a1409b80fff37e2533c) Importer(815301076,1909f56bfc062723c751e8b465ee728b)  -> (artifact id: 'dc61b90dcf767785f2349ff9c43eacdc') in 0.046455 seconds 
========================================================================
Received Import Request.
  Time since last request: 0.000193 seconds.
  path: Assets/Resources/Textures/craiyon_124330_watercolor_bluetexture.png
  artifactKey: Guid(7e3a22868fb825d4ab3ffa4aead62802) Importer(815301076,1909f56bfc062723c751e8b465ee728b)
Start importing Assets/Resources/Textures/craiyon_124330_watercolor_bluetexture.png using Guid(7e3a22868fb825d4ab3ffa4aead62802) Importer(815301076,1909f56bfc062723c751e8b465ee728b)  -> (artifact id: '6a2235322d75c2a656b1f63a87dc6068') in 0.022134 seconds 
========================================================================
Received Import Request.
  Time since last request: 40.446633 seconds.
  path: Assets/Resources/Textures/NoBuildZone.png
  artifactKey: Guid(7cd232ad38524a1409b80fff37e2533c) Importer(815301076,1909f56bfc062723c751e8b465ee728b)
Start importing Assets/Resources/Textures/NoBuildZone.png using Guid(7cd232ad38524a1409b80fff37e2533c) Importer(815301076,1909f56bfc062723c751e8b465ee728b)  -> (artifact id: '0ad4c2a7d93bf6b57eb823fe09114a64') in 0.019438 seconds 
========================================================================
Received Prepare
Refreshing native plugins compatible for Editor in 9.72 ms, found 2 plugins.
Preloading 0 native plugins for Editor in 0.00 ms.
Unloading 47 Unused Serialized files (Serialized files now loaded: 0)
System memory in use before: 100.7 MB.
System memory in use after: 100.6 MB.

Unloading 47 unused Assets to reduce memory usage. Loaded Objects now: 3181.
Total: 7.421400 ms (FindLiveObjects: 0.280600 ms CreateObjectMapping: 0.062400 ms MarkObjects: 6.777700 ms  DeleteObjects: 0.299200 ms)

AssetImportParameters requested are different than current active one (requested -> active):
  custom:framework-win-MediaFoundation: 216162199b28c13a410421893ffa2e32 -> 
  custom:video-decoder-ogg-theora: a1e56fd34408186e4bbccfd4996cb3dc -> 
  custom:container-muxer-webm: aa71ff27fc2769a1b78a27578f13a17b -> 
  custom:container-demuxer-webm: 4f35f7cbe854078d1ac9338744f61a02 -> 
  custom:container-demuxer-ogg: 62fdf1f143b41e24485cea50d1cbac27 -> 
  custom:video-encoder-webm-vp8: eb34c28f22e8b96e1ab97ce403110664 -> 
  custom:video-decoder-webm-vp8: 9c59270c3fd7afecdb556c50c9e8de78 -> 
  custom:audio-decoder-ogg-vorbis: bf7c407c2cedff20999df2af8eb42d56 -> 
  custom:audio-encoder-webm-vorbis: bf7c407c2cedff20999df2af8eb42d56 -> 
